<?xml version='1.0'?>
<ns2:test-suite xmlns:ns2='urn:model.allure.qatools.yandex.ru' start='1521216814044' stop='1521216819025'>
    <name>To test the Angular login functionality</name>
    <title>To test the Angular login functionality</title>
    <test-cases>
        <test-case start='1521216814044' status='failed' stop='1521216818974'>
            <name>Should login and logout Registration form successfully with valid cradentials</name>
            <title>Should login and logout Registration form successfully with valid cradentials</title>
            <labels/>
            <parameters/>
            <steps/>
            <attachments/>
            <failure>
                <message>Failed: no such window: target window already closed
                from unknown error: web view not found
                  (Session info: chrome=64.0.3282.186)
                  (Driver info: chromedriver=2.37.543627 (63642262d9fb93fb4ab52398be4286d844092a5e),platform=Windows NT 10.0.16299 x86_64)</message>
                <stack-trace>NoSuchWindowError: no such window: target window already closed
                from unknown error: web view not found
                  (Session info: chrome=64.0.3282.186)
                  (Driver info: chromedriver=2.37.543627 (63642262d9fb93fb4ab52398be4286d844092a5e),platform=Windows NT 10.0.16299 x86_64)
                    at WebDriverError (C:\Users\sandeep\Desktop\Protractor\Protractor\node_modules\selenium-webdriver\lib\error.js:27:5)
                    at NoSuchWindowError (C:\Users\sandeep\Desktop\Protractor\Protractor\node_modules\selenium-webdriver\lib\error.js:216:5)
                    at Object.checkLegacyResponse (C:\Users\sandeep\Desktop\Protractor\Protractor\node_modules\selenium-webdriver\lib\error.js:546:15)
                    at parseHttpResponse (C:\Users\sandeep\Desktop\Protractor\Protractor\node_modules\selenium-webdriver\lib\http.js:509:13)
                    at doSend.then.response (C:\Users\sandeep\Desktop\Protractor\Protractor\node_modules\selenium-webdriver\lib\http.js:441:30)
                    at process._tickCallback (internal/process/next_tick.js:109:7)
                From: Task: WebDriver.findElements(By(css selector, body > div.jumbotron > div > div > div > h1))
                    at thenableWebDriverProxy.schedule (C:\Users\sandeep\Desktop\Protractor\Protractor\node_modules\selenium-webdriver\lib\webdriver.js:807:17)
                    at thenableWebDriverProxy.findElements (C:\Users\sandeep\Desktop\Protractor\Protractor\node_modules\selenium-webdriver\lib\webdriver.js:1048:19)
                    at ptor.waitForAngular.then (C:\Users\sandeep\Desktop\Protractor\Protractor\node_modules\protractor\built\element.js:159:44)
                    at ManagedPromise.invokeCallback_ (C:\Users\sandeep\Desktop\Protractor\Protractor\node_modules\selenium-webdriver\lib\promise.js:1376:14)
                    at TaskQueue.execute_ (C:\Users\sandeep\Desktop\Protractor\Protractor\node_modules\selenium-webdriver\lib\promise.js:3084:14)
                    at TaskQueue.executeNext_ (C:\Users\sandeep\Desktop\Protractor\Protractor\node_modules\selenium-webdriver\lib\promise.js:3067:27)
                    at asyncRun (C:\Users\sandeep\Desktop\Protractor\Protractor\node_modules\selenium-webdriver\lib\promise.js:2927:27)
                    at C:\Users\sandeep\Desktop\Protractor\Protractor\node_modules\selenium-webdriver\lib\promise.js:668:7
                From: Task: &lt;anonymous>
                    at Timeout.pollCondition [as _onTimeout] (C:\Users\sandeep\Desktop\Protractor\Protractor\node_modules\selenium-webdriver\lib\promise.js:2195:19)
                    at ontimeout (timers.js:386:11)
                    at tryOnTimeout (timers.js:250:5)
                    at Timer.listOnTimeout (timers.js:214:5)
                From: Task: &lt;anonymous wait>
                    at scheduleWait (C:\Users\sandeep\Desktop\Protractor\Protractor\node_modules\selenium-webdriver\lib\promise.js:2188:20)
                    at ControlFlow.wait (C:\Users\sandeep\Desktop\Protractor\Protractor\node_modules\selenium-webdriver\lib\promise.js:2517:12)
                    at thenableWebDriverProxy.wait (C:\Users\sandeep\Desktop\Protractor\Protractor\node_modules\selenium-webdriver\lib\webdriver.js:934:29)
                    at run (C:\Users\sandeep\Desktop\Protractor\Protractor\node_modules\protractor\built\browser.js:59:33)
                    at ProtractorBrowser.to.(anonymous function) [as wait] (C:\Users\sandeep\Desktop\Protractor\Protractor\node_modules\protractor\built\browser.js:67:16)
                    at UserContext.&lt;anonymous> (C:\Users\sandeep\Desktop\Protractor\Protractor\specs\login_spec.js:22:11)
                    at C:\Users\sandeep\Desktop\Protractor\Protractor\node_modules\jasminewd2\index.js:112:25
                    at new ManagedPromise (C:\Users\sandeep\Desktop\Protractor\Protractor\node_modules\selenium-webdriver\lib\promise.js:1077:7)
                    at ControlFlow.promise (C:\Users\sandeep\Desktop\Protractor\Protractor\node_modules\selenium-webdriver\lib\promise.js:2505:12)
                    at schedulerExecute (C:\Users\sandeep\Desktop\Protractor\Protractor\node_modules\jasminewd2\index.js:95:18)
                From: Task: Run it("Should login and logout Registration form successfully with valid cradentials") in control flow
                    at UserContext.&lt;anonymous> (C:\Users\sandeep\Desktop\Protractor\Protractor\node_modules\jasminewd2\index.js:94:19)
                    at attempt (C:\Users\sandeep\Desktop\Protractor\Protractor\node_modules\jasmine-core\lib\jasmine-core\jasmine.js:4297:26)
                    at QueueRunner.run (C:\Users\sandeep\Desktop\Protractor\Protractor\node_modules\jasmine-core\lib\jasmine-core\jasmine.js:4217:20)
                    at runNext (C:\Users\sandeep\Desktop\Protractor\Protractor\node_modules\jasmine-core\lib\jasmine-core\jasmine.js:4257:20)
                    at C:\Users\sandeep\Desktop\Protractor\Protractor\node_modules\jasmine-core\lib\jasmine-core\jasmine.js:4264:13
                    at C:\Users\sandeep\Desktop\Protractor\Protractor\node_modules\jasmine-core\lib\jasmine-core\jasmine.js:4172:9
                    at C:\Users\sandeep\Desktop\Protractor\Protractor\node_modules\jasminewd2\index.js:64:48
                    at ControlFlow.emit (C:\Users\sandeep\Desktop\Protractor\Protractor\node_modules\selenium-webdriver\lib\events.js:62:21)
                    at ControlFlow.shutdown_ (C:\Users\sandeep\Desktop\Protractor\Protractor\node_modules\selenium-webdriver\lib\promise.js:2674:10)
                    at shutdownTask_.MicroTask (C:\Users\sandeep\Desktop\Protractor\Protractor\node_modules\selenium-webdriver\lib\promise.js:2599:53)
                From asynchronous test: 
                Error
                    at Suite.&lt;anonymous> (C:\Users\sandeep\Desktop\Protractor\Protractor\specs\login_spec.js:11:2)
                    at addSpecsToSuite (C:\Users\sandeep\Desktop\Protractor\Protractor\node_modules\jasmine-core\lib\jasmine-core\jasmine.js:1107:25)
                    at Env.describe (C:\Users\sandeep\Desktop\Protractor\Protractor\node_modules\jasmine-core\lib\jasmine-core\jasmine.js:1074:7)
                    at describe (C:\Users\sandeep\Desktop\Protractor\Protractor\node_modules\jasmine-core\lib\jasmine-core\jasmine.js:4399:18)
                    at Object.&lt;anonymous> (C:\Users\sandeep\Desktop\Protractor\Protractor\specs\login_spec.js:3:1)
                    at Module._compile (module.js:570:32)
                    at Object.Module._extensions..js (module.js:579:10)
                    at Module.load (module.js:487:32)
                    at tryModuleLoad (module.js:446:12)</stack-trace>
            </failure>
        </test-case>
        <test-case start='1521216818974' status='failed' stop='1521216819023'>
            <name>Should display error message when invalid login cradentials are entered</name>
            <title>Should display error message when invalid login cradentials are entered</title>
            <labels/>
            <parameters/>
            <steps/>
            <attachments/>
            <failure>
                <message>Failed: no such window: target window already closed
                from unknown error: web view not found
                  (Session info: chrome=64.0.3282.186)
                  (Driver info: chromedriver=2.37.543627 (63642262d9fb93fb4ab52398be4286d844092a5e),platform=Windows NT 10.0.16299 x86_64)</message>
                <stack-trace>NoSuchWindowError: no such window: target window already closed
                from unknown error: web view not found
                  (Session info: chrome=64.0.3282.186)
                  (Driver info: chromedriver=2.37.543627 (63642262d9fb93fb4ab52398be4286d844092a5e),platform=Windows NT 10.0.16299 x86_64)
                    at WebDriverError (C:\Users\sandeep\Desktop\Protractor\Protractor\node_modules\selenium-webdriver\lib\error.js:27:5)
                    at NoSuchWindowError (C:\Users\sandeep\Desktop\Protractor\Protractor\node_modules\selenium-webdriver\lib\error.js:216:5)
                    at Object.checkLegacyResponse (C:\Users\sandeep\Desktop\Protractor\Protractor\node_modules\selenium-webdriver\lib\error.js:546:15)
                    at parseHttpResponse (C:\Users\sandeep\Desktop\Protractor\Protractor\node_modules\selenium-webdriver\lib\http.js:509:13)
                    at doSend.then.response (C:\Users\sandeep\Desktop\Protractor\Protractor\node_modules\selenium-webdriver\lib\http.js:441:30)
                    at process._tickCallback (internal/process/next_tick.js:109:7)
                From: Task: WebDriver.navigate().to(http://www.way2automation.com/angularjs-protractor/registeration/)
                    at thenableWebDriverProxy.schedule (C:\Users\sandeep\Desktop\Protractor\Protractor\node_modules\selenium-webdriver\lib\webdriver.js:807:17)
                    at Navigation.to (C:\Users\sandeep\Desktop\Protractor\Protractor\node_modules\selenium-webdriver\lib\webdriver.js:1133:25)
                    at thenableWebDriverProxy.get (C:\Users\sandeep\Desktop\Protractor\Protractor\node_modules\selenium-webdriver\lib\webdriver.js:988:28)
                    at ProtractorBrowser.get (C:\Users\sandeep\Desktop\Protractor\Protractor\node_modules\protractor\built\browser.js:655:32)
                    at UserContext.&lt;anonymous> (C:\Users\sandeep\Desktop\Protractor\Protractor\specs\login_spec.js:7:11)
                    at C:\Users\sandeep\Desktop\Protractor\Protractor\node_modules\jasminewd2\index.js:112:25
                    at new ManagedPromise (C:\Users\sandeep\Desktop\Protractor\Protractor\node_modules\selenium-webdriver\lib\promise.js:1077:7)
                    at ControlFlow.promise (C:\Users\sandeep\Desktop\Protractor\Protractor\node_modules\selenium-webdriver\lib\promise.js:2505:12)
                    at schedulerExecute (C:\Users\sandeep\Desktop\Protractor\Protractor\node_modules\jasminewd2\index.js:95:18)
                    at TaskQueue.execute_ (C:\Users\sandeep\Desktop\Protractor\Protractor\node_modules\selenium-webdriver\lib\promise.js:3084:14)
                From: Task: Run beforeEach in control flow
                    at UserContext.&lt;anonymous> (C:\Users\sandeep\Desktop\Protractor\Protractor\node_modules\jasminewd2\index.js:94:19)
                    at attempt (C:\Users\sandeep\Desktop\Protractor\Protractor\node_modules\jasmine-core\lib\jasmine-core\jasmine.js:4297:26)
                    at QueueRunner.run (C:\Users\sandeep\Desktop\Protractor\Protractor\node_modules\jasmine-core\lib\jasmine-core\jasmine.js:4217:20)
                    at QueueRunner.execute (C:\Users\sandeep\Desktop\Protractor\Protractor\node_modules\jasmine-core\lib\jasmine-core\jasmine.js:4199:10)
                    at Spec.queueRunnerFactory (C:\Users\sandeep\Desktop\Protractor\Protractor\node_modules\jasmine-core\lib\jasmine-core\jasmine.js:909:35)
                    at Spec.execute (C:\Users\sandeep\Desktop\Protractor\Protractor\node_modules\jasmine-core\lib\jasmine-core\jasmine.js:526:10)
                    at UserContext.fn (C:\Users\sandeep\Desktop\Protractor\Protractor\node_modules\jasmine-core\lib\jasmine-core\jasmine.js:5340:37)
                    at attempt (C:\Users\sandeep\Desktop\Protractor\Protractor\node_modules\jasmine-core\lib\jasmine-core\jasmine.js:4297:26)
                    at QueueRunner.run (C:\Users\sandeep\Desktop\Protractor\Protractor\node_modules\jasmine-core\lib\jasmine-core\jasmine.js:4217:20)
                    at runNext (C:\Users\sandeep\Desktop\Protractor\Protractor\node_modules\jasmine-core\lib\jasmine-core\jasmine.js:4257:20)
                From asynchronous test: 
                Error
                    at Suite.&lt;anonymous> (C:\Users\sandeep\Desktop\Protractor\Protractor\specs\login_spec.js:5:2)
                    at addSpecsToSuite (C:\Users\sandeep\Desktop\Protractor\Protractor\node_modules\jasmine-core\lib\jasmine-core\jasmine.js:1107:25)
                    at Env.describe (C:\Users\sandeep\Desktop\Protractor\Protractor\node_modules\jasmine-core\lib\jasmine-core\jasmine.js:1074:7)
                    at describe (C:\Users\sandeep\Desktop\Protractor\Protractor\node_modules\jasmine-core\lib\jasmine-core\jasmine.js:4399:18)
                    at Object.&lt;anonymous> (C:\Users\sandeep\Desktop\Protractor\Protractor\specs\login_spec.js:3:1)
                    at Module._compile (module.js:570:32)
                    at Object.Module._extensions..js (module.js:579:10)
                    at Module.load (module.js:487:32)
                    at tryModuleLoad (module.js:446:12)</stack-trace>
            </failure>
        </test-case>
    </test-cases>
</ns2:test-suite>