<?xml version='1.0'?>
<ns2:test-suite xmlns:ns2='urn:model.allure.qatools.yandex.ru' start='1521266444934' stop='1521266459925'>
    <name>To test the Angular binding functionality</name>
    <title>To test the Angular binding functionality</title>
    <test-cases>
        <test-case start='1521266444934' status='passed' stop='1521266448731'>
            <name>should not have any previous results</name>
            <title>should not have any previous results</title>
            <labels/>
            <parameters/>
            <steps/>
            <attachments>
                <attachment title='Screenshot' source='6b9a1afc-8440-44a2-a4c1-09a95d09a801-attachment.png' type='image/png' size='15605'/>
            </attachments>
        </test-case>
        <test-case start='1521266448732' status='failed' stop='1521266459924'>
            <name>Should display calculation results for performed Arthematic operations and should save results in table</name>
            <title>Should display calculation results for performed Arthematic operations and should save results in table</title>
            <labels/>
            <parameters/>
            <steps/>
            <attachments>
                <attachment title='Screenshot' source='dcdb4542-e9bd-4fc4-b0c1-bf3af87ee8d0-attachment.png' type='image/png' size='18596'/>
            </attachments>
            <failure>
                <message>Failed: Wait timed out after 10064ms</message>
                <stack-trace>TimeoutError: Wait timed out after 10064ms
                    at C:\Users\sandeep\Desktop\Protractor\Protractor\node_modules\selenium-webdriver\lib\promise.js:2201:17
                    at ManagedPromise.invokeCallback_ (C:\Users\sandeep\Desktop\Protractor\Protractor\node_modules\selenium-webdriver\lib\promise.js:1376:14)
                    at TaskQueue.execute_ (C:\Users\sandeep\Desktop\Protractor\Protractor\node_modules\selenium-webdriver\lib\promise.js:3084:14)
                    at TaskQueue.executeNext_ (C:\Users\sandeep\Desktop\Protractor\Protractor\node_modules\selenium-webdriver\lib\promise.js:3067:27)
                    at asyncRun (C:\Users\sandeep\Desktop\Protractor\Protractor\node_modules\selenium-webdriver\lib\promise.js:2927:27)
                    at C:\Users\sandeep\Desktop\Protractor\Protractor\node_modules\selenium-webdriver\lib\promise.js:668:7
                    at &lt;anonymous>
                    at process._tickCallback (internal/process/next_tick.js:118:7)
                From: Task: &lt;anonymous wait>
                    at scheduleWait (C:\Users\sandeep\Desktop\Protractor\Protractor\node_modules\selenium-webdriver\lib\promise.js:2188:20)
                    at ControlFlow.wait (C:\Users\sandeep\Desktop\Protractor\Protractor\node_modules\selenium-webdriver\lib\promise.js:2517:12)
                    at Driver.wait (C:\Users\sandeep\Desktop\Protractor\Protractor\node_modules\selenium-webdriver\lib\webdriver.js:934:29)
                    at run (C:\Users\sandeep\Desktop\Protractor\Protractor\node_modules\protractor\built\browser.js:59:33)
                    at ProtractorBrowser.to.(anonymous function) [as wait] (C:\Users\sandeep\Desktop\Protractor\Protractor\node_modules\protractor\built\browser.js:67:16)
                    at UserContext.&lt;anonymous> (C:\Users\sandeep\Desktop\Protractor\Protractor\specs\calculation_spec.js:26:17)
                    at C:\Users\sandeep\Desktop\Protractor\Protractor\node_modules\jasminewd2\index.js:112:25
                    at new ManagedPromise (C:\Users\sandeep\Desktop\Protractor\Protractor\node_modules\selenium-webdriver\lib\promise.js:1077:7)
                    at ControlFlow.promise (C:\Users\sandeep\Desktop\Protractor\Protractor\node_modules\selenium-webdriver\lib\promise.js:2505:12)
                    at schedulerExecute (C:\Users\sandeep\Desktop\Protractor\Protractor\node_modules\jasminewd2\index.js:95:18)
                From: Task: Run it("Should display calculation results for performed Arthematic operations and should save results in table") in control flow
                    at UserContext.&lt;anonymous> (C:\Users\sandeep\Desktop\Protractor\Protractor\node_modules\jasminewd2\index.js:94:19)
                    at attempt (C:\Users\sandeep\Desktop\Protractor\Protractor\node_modules\jasmine-core\lib\jasmine-core\jasmine.js:4297:26)
                    at QueueRunner.run (C:\Users\sandeep\Desktop\Protractor\Protractor\node_modules\jasmine-core\lib\jasmine-core\jasmine.js:4217:20)
                    at runNext (C:\Users\sandeep\Desktop\Protractor\Protractor\node_modules\jasmine-core\lib\jasmine-core\jasmine.js:4257:20)
                    at C:\Users\sandeep\Desktop\Protractor\Protractor\node_modules\jasmine-core\lib\jasmine-core\jasmine.js:4264:13
                    at C:\Users\sandeep\Desktop\Protractor\Protractor\node_modules\jasmine-core\lib\jasmine-core\jasmine.js:4172:9
                    at C:\Users\sandeep\Desktop\Protractor\Protractor\node_modules\jasminewd2\index.js:64:48
                    at ControlFlow.emit (C:\Users\sandeep\Desktop\Protractor\Protractor\node_modules\selenium-webdriver\lib\events.js:62:21)
                    at ControlFlow.shutdown_ (C:\Users\sandeep\Desktop\Protractor\Protractor\node_modules\selenium-webdriver\lib\promise.js:2674:10)
                    at shutdownTask_.MicroTask (C:\Users\sandeep\Desktop\Protractor\Protractor\node_modules\selenium-webdriver\lib\promise.js:2599:53)
                From asynchronous test: 
                Error
                    at Suite.&lt;anonymous> (C:\Users\sandeep\Desktop\Protractor\Protractor\specs\calculation_spec.js:16:5)
                    at addSpecsToSuite (C:\Users\sandeep\Desktop\Protractor\Protractor\node_modules\jasmine-core\lib\jasmine-core\jasmine.js:1107:25)
                    at Env.describe (C:\Users\sandeep\Desktop\Protractor\Protractor\node_modules\jasmine-core\lib\jasmine-core\jasmine.js:1074:7)
                    at describe (C:\Users\sandeep\Desktop\Protractor\Protractor\node_modules\jasmine-core\lib\jasmine-core\jasmine.js:4399:18)
                    at Object.&lt;anonymous> (C:\Users\sandeep\Desktop\Protractor\Protractor\specs\calculation_spec.js:3:1)
                    at Module._compile (module.js:649:30)
                    at Object.Module._extensions..js (module.js:660:10)
                    at Module.load (module.js:561:32)
                    at tryModuleLoad (module.js:501:12)</stack-trace>
            </failure>
        </test-case>
        <test-case start='1521266459924' status='pending' stop='1521266459924'>
            <name>Should display calculation results for performed Arthematic operations and should save new results in table</name>
            <title>Should display calculation results for performed Arthematic operations and should save new results in table</title>
            <labels/>
            <parameters/>
            <steps/>
            <attachments/>
            <failure>
                <message>Temporarily disabled with xit</message>
                <stack-trace></stack-trace>
            </failure>
        </test-case>
    </test-cases>
</ns2:test-suite>