<?xml version='1.0'?>
<ns2:test-suite xmlns:ns2='urn:model.allure.qatools.yandex.ru' start='1521230989099' stop='1521230992523'>
    <name>To test the Angular login functionality</name>
    <title>To test the Angular login functionality</title>
    <test-cases>
        <test-case start='1521230989099' status='failed' stop='1521230992522'>
            <name>Should display awesome popup on completion of multiform</name>
            <title>Should display awesome popup on completion of multiform</title>
            <labels/>
            <parameters/>
            <steps/>
            <attachments>
                <attachment title='Screenshot' source='f93a2225-3be9-4f96-996e-51543dd42f54-attachment.png' type='image/png' size='49078'/>
            </attachments>
            <failure>
                <message>Failed: No element found using locator: By(link text, Next Section)</message>
                <stack-trace>NoSuchElementError: No element found using locator: By(link text, Next Section)
                    at elementArrayFinder.getWebElements.then (C:\Users\sandeep\Desktop\Protractor\Protractor\node_modules\protractor\built\element.js:814:27)
                    at ManagedPromise.invokeCallback_ (C:\Users\sandeep\Desktop\Protractor\Protractor\node_modules\selenium-webdriver\lib\promise.js:1376:14)
                    at TaskQueue.execute_ (C:\Users\sandeep\Desktop\Protractor\Protractor\node_modules\selenium-webdriver\lib\promise.js:3084:14)
                    at TaskQueue.executeNext_ (C:\Users\sandeep\Desktop\Protractor\Protractor\node_modules\selenium-webdriver\lib\promise.js:3067:27)
                    at asyncRun (C:\Users\sandeep\Desktop\Protractor\Protractor\node_modules\selenium-webdriver\lib\promise.js:2927:27)
                    at C:\Users\sandeep\Desktop\Protractor\Protractor\node_modules\selenium-webdriver\lib\promise.js:668:7
                    at &lt;anonymous>
                    at process._tickCallback (internal/process/next_tick.js:118:7)Error
                    at ElementArrayFinder.applyAction_ (C:\Users\sandeep\Desktop\Protractor\Protractor\node_modules\protractor\built\element.js:459:27)
                    at ElementArrayFinder.(anonymous function).args [as click] (C:\Users\sandeep\Desktop\Protractor\Protractor\node_modules\protractor\built\element.js:91:29)
                    at ElementFinder.(anonymous function).args [as click] (C:\Users\sandeep\Desktop\Protractor\Protractor\node_modules\protractor\built\element.js:831:22)
                    at UserContext.&lt;anonymous> (C:\Users\sandeep\Desktop\Protractor\Protractor\specs\multiform_spec.js:24:46)
                    at C:\Users\sandeep\Desktop\Protractor\Protractor\node_modules\jasminewd2\index.js:112:25
                    at new ManagedPromise (C:\Users\sandeep\Desktop\Protractor\Protractor\node_modules\selenium-webdriver\lib\promise.js:1077:7)
                    at ControlFlow.promise (C:\Users\sandeep\Desktop\Protractor\Protractor\node_modules\selenium-webdriver\lib\promise.js:2505:12)
                    at schedulerExecute (C:\Users\sandeep\Desktop\Protractor\Protractor\node_modules\jasminewd2\index.js:95:18)
                    at TaskQueue.execute_ (C:\Users\sandeep\Desktop\Protractor\Protractor\node_modules\selenium-webdriver\lib\promise.js:3084:14)
                    at TaskQueue.executeNext_ (C:\Users\sandeep\Desktop\Protractor\Protractor\node_modules\selenium-webdriver\lib\promise.js:3067:27)
                From: Task: Run it("Should display awesome popup on completion of multiform") in control flow
                    at UserContext.&lt;anonymous> (C:\Users\sandeep\Desktop\Protractor\Protractor\node_modules\jasminewd2\index.js:94:19)
                    at attempt (C:\Users\sandeep\Desktop\Protractor\Protractor\node_modules\jasmine-core\lib\jasmine-core\jasmine.js:4297:26)
                    at QueueRunner.run (C:\Users\sandeep\Desktop\Protractor\Protractor\node_modules\jasmine-core\lib\jasmine-core\jasmine.js:4217:20)
                    at runNext (C:\Users\sandeep\Desktop\Protractor\Protractor\node_modules\jasmine-core\lib\jasmine-core\jasmine.js:4257:20)
                    at C:\Users\sandeep\Desktop\Protractor\Protractor\node_modules\jasmine-core\lib\jasmine-core\jasmine.js:4264:13
                    at C:\Users\sandeep\Desktop\Protractor\Protractor\node_modules\jasmine-core\lib\jasmine-core\jasmine.js:4172:9
                    at C:\Users\sandeep\Desktop\Protractor\Protractor\node_modules\jasminewd2\index.js:64:48
                    at ControlFlow.emit (C:\Users\sandeep\Desktop\Protractor\Protractor\node_modules\selenium-webdriver\lib\events.js:62:21)
                    at ControlFlow.shutdown_ (C:\Users\sandeep\Desktop\Protractor\Protractor\node_modules\selenium-webdriver\lib\promise.js:2674:10)
                    at shutdownTask_.MicroTask (C:\Users\sandeep\Desktop\Protractor\Protractor\node_modules\selenium-webdriver\lib\promise.js:2599:53)
                From asynchronous test: 
                Error
                    at Suite.&lt;anonymous> (C:\Users\sandeep\Desktop\Protractor\Protractor\specs\multiform_spec.js:11:2)
                    at addSpecsToSuite (C:\Users\sandeep\Desktop\Protractor\Protractor\node_modules\jasmine-core\lib\jasmine-core\jasmine.js:1107:25)
                    at Env.describe (C:\Users\sandeep\Desktop\Protractor\Protractor\node_modules\jasmine-core\lib\jasmine-core\jasmine.js:1074:7)
                    at describe (C:\Users\sandeep\Desktop\Protractor\Protractor\node_modules\jasmine-core\lib\jasmine-core\jasmine.js:4399:18)
                    at Object.&lt;anonymous> (C:\Users\sandeep\Desktop\Protractor\Protractor\specs\multiform_spec.js:3:1)
                    at Module._compile (module.js:649:30)
                    at Object.Module._extensions..js (module.js:660:10)
                    at Module.load (module.js:561:32)
                    at tryModuleLoad (module.js:501:12)</stack-trace>
            </failure>
        </test-case>
        <test-case start='1521230992522' status='pending' stop='1521230992522'>
            <name>Should display error message when invalid login cradentials are entered</name>
            <title>Should display error message when invalid login cradentials are entered</title>
            <labels/>
            <parameters/>
            <steps/>
            <attachments/>
            <failure>
                <message>Temporarily disabled with xit</message>
                <stack-trace></stack-trace>
            </failure>
        </test-case>
    </test-cases>
</ns2:test-suite>