<?xml version='1.0'?>
<ns2:test-suite xmlns:ns2='urn:model.allure.qatools.yandex.ru' start='1521263930292' stop='1521263934827'>
    <name>To test the Angular binding functionality</name>
    <title>To test the Angular binding functionality</title>
    <test-cases>
        <test-case start='1521263930292' status='failed' stop='1521263934087'>
            <name>should not have any previous results</name>
            <title>should not have any previous results</title>
            <labels/>
            <parameters/>
            <steps/>
            <attachments>
                <attachment title='Screenshot' source='d408e1a5-208b-444e-9a52-bbed4f20a500-attachment.png' type='image/png' size='15605'/>
            </attachments>
            <failure>
                <message>Failed: memory is not defined</message>
                <stack-trace>ReferenceError: memory is not defined
                    at UserContext.&lt;anonymous> (C:\Users\sandeep\Desktop\Protractor\Protractor\specs\calculation_spec.js:13:16)
                    at C:\Users\sandeep\Desktop\Protractor\Protractor\node_modules\jasminewd2\index.js:112:25
                    at new ManagedPromise (C:\Users\sandeep\Desktop\Protractor\Protractor\node_modules\selenium-webdriver\lib\promise.js:1077:7)
                    at ControlFlow.promise (C:\Users\sandeep\Desktop\Protractor\Protractor\node_modules\selenium-webdriver\lib\promise.js:2505:12)
                    at schedulerExecute (C:\Users\sandeep\Desktop\Protractor\Protractor\node_modules\jasminewd2\index.js:95:18)
                    at TaskQueue.execute_ (C:\Users\sandeep\Desktop\Protractor\Protractor\node_modules\selenium-webdriver\lib\promise.js:3084:14)
                    at TaskQueue.executeNext_ (C:\Users\sandeep\Desktop\Protractor\Protractor\node_modules\selenium-webdriver\lib\promise.js:3067:27)
                    at asyncRun (C:\Users\sandeep\Desktop\Protractor\Protractor\node_modules\selenium-webdriver\lib\promise.js:2974:25)
                    at C:\Users\sandeep\Desktop\Protractor\Protractor\node_modules\selenium-webdriver\lib\promise.js:668:7
                    at &lt;anonymous>
                From: Task: Run it("should not have any previous results") in control flow
                    at UserContext.&lt;anonymous> (C:\Users\sandeep\Desktop\Protractor\Protractor\node_modules\jasminewd2\index.js:94:19)
                    at attempt (C:\Users\sandeep\Desktop\Protractor\Protractor\node_modules\jasmine-core\lib\jasmine-core\jasmine.js:4297:26)
                    at QueueRunner.run (C:\Users\sandeep\Desktop\Protractor\Protractor\node_modules\jasmine-core\lib\jasmine-core\jasmine.js:4217:20)
                    at runNext (C:\Users\sandeep\Desktop\Protractor\Protractor\node_modules\jasmine-core\lib\jasmine-core\jasmine.js:4257:20)
                    at C:\Users\sandeep\Desktop\Protractor\Protractor\node_modules\jasmine-core\lib\jasmine-core\jasmine.js:4264:13
                    at C:\Users\sandeep\Desktop\Protractor\Protractor\node_modules\jasmine-core\lib\jasmine-core\jasmine.js:4172:9
                    at C:\Users\sandeep\Desktop\Protractor\Protractor\node_modules\jasminewd2\index.js:64:48
                    at ControlFlow.emit (C:\Users\sandeep\Desktop\Protractor\Protractor\node_modules\selenium-webdriver\lib\events.js:62:21)
                    at ControlFlow.shutdown_ (C:\Users\sandeep\Desktop\Protractor\Protractor\node_modules\selenium-webdriver\lib\promise.js:2674:10)
                    at shutdownTask_.MicroTask (C:\Users\sandeep\Desktop\Protractor\Protractor\node_modules\selenium-webdriver\lib\promise.js:2599:53)
                From asynchronous test: 
                Error
                    at Suite.&lt;anonymous> (C:\Users\sandeep\Desktop\Protractor\Protractor\specs\calculation_spec.js:11:2)
                    at addSpecsToSuite (C:\Users\sandeep\Desktop\Protractor\Protractor\node_modules\jasmine-core\lib\jasmine-core\jasmine.js:1107:25)
                    at Env.describe (C:\Users\sandeep\Desktop\Protractor\Protractor\node_modules\jasmine-core\lib\jasmine-core\jasmine.js:1074:7)
                    at describe (C:\Users\sandeep\Desktop\Protractor\Protractor\node_modules\jasmine-core\lib\jasmine-core\jasmine.js:4399:18)
                    at Object.&lt;anonymous> (C:\Users\sandeep\Desktop\Protractor\Protractor\specs\calculation_spec.js:3:1)
                    at Module._compile (module.js:649:30)
                    at Object.Module._extensions..js (module.js:660:10)
                    at Module.load (module.js:561:32)
                    at tryModuleLoad (module.js:501:12)</stack-trace>
            </failure>
        </test-case>
        <test-case start='1521263934087' status='failed' stop='1521263934827'>
            <name>Should display calculation results for performed Arthematic operations and should save results in table</name>
            <title>Should display calculation results for performed Arthematic operations and should save results in table</title>
            <labels/>
            <parameters/>
            <steps/>
            <attachments>
                <attachment title='Screenshot' source='36fe4907-661c-43cc-bd0e-d45f3adea199-attachment.png' type='image/png' size='15605'/>
            </attachments>
            <failure>
                <message>Failed: memory is not defined</message>
                <stack-trace>ReferenceError: memory is not defined
                    at UserContext.&lt;anonymous> (C:\Users\sandeep\Desktop\Protractor\Protractor\specs\calculation_spec.js:29:16)
                    at C:\Users\sandeep\Desktop\Protractor\Protractor\node_modules\jasminewd2\index.js:112:25
                    at new ManagedPromise (C:\Users\sandeep\Desktop\Protractor\Protractor\node_modules\selenium-webdriver\lib\promise.js:1077:7)
                    at ControlFlow.promise (C:\Users\sandeep\Desktop\Protractor\Protractor\node_modules\selenium-webdriver\lib\promise.js:2505:12)
                    at schedulerExecute (C:\Users\sandeep\Desktop\Protractor\Protractor\node_modules\jasminewd2\index.js:95:18)
                    at TaskQueue.execute_ (C:\Users\sandeep\Desktop\Protractor\Protractor\node_modules\selenium-webdriver\lib\promise.js:3084:14)
                    at TaskQueue.executeNext_ (C:\Users\sandeep\Desktop\Protractor\Protractor\node_modules\selenium-webdriver\lib\promise.js:3067:27)
                    at asyncRun (C:\Users\sandeep\Desktop\Protractor\Protractor\node_modules\selenium-webdriver\lib\promise.js:2974:25)
                    at C:\Users\sandeep\Desktop\Protractor\Protractor\node_modules\selenium-webdriver\lib\promise.js:668:7
                    at &lt;anonymous>
                From: Task: Run it("Should display calculation results for performed Arthematic operations and should save results in table") in control flow
                    at UserContext.&lt;anonymous> (C:\Users\sandeep\Desktop\Protractor\Protractor\node_modules\jasminewd2\index.js:94:19)
                    at attempt (C:\Users\sandeep\Desktop\Protractor\Protractor\node_modules\jasmine-core\lib\jasmine-core\jasmine.js:4297:26)
                    at QueueRunner.run (C:\Users\sandeep\Desktop\Protractor\Protractor\node_modules\jasmine-core\lib\jasmine-core\jasmine.js:4217:20)
                    at runNext (C:\Users\sandeep\Desktop\Protractor\Protractor\node_modules\jasmine-core\lib\jasmine-core\jasmine.js:4257:20)
                    at C:\Users\sandeep\Desktop\Protractor\Protractor\node_modules\jasmine-core\lib\jasmine-core\jasmine.js:4264:13
                    at C:\Users\sandeep\Desktop\Protractor\Protractor\node_modules\jasmine-core\lib\jasmine-core\jasmine.js:4172:9
                    at C:\Users\sandeep\Desktop\Protractor\Protractor\node_modules\jasminewd2\index.js:64:48
                    at ControlFlow.emit (C:\Users\sandeep\Desktop\Protractor\Protractor\node_modules\selenium-webdriver\lib\events.js:62:21)
                    at ControlFlow.shutdown_ (C:\Users\sandeep\Desktop\Protractor\Protractor\node_modules\selenium-webdriver\lib\promise.js:2674:10)
                    at shutdownTask_.MicroTask (C:\Users\sandeep\Desktop\Protractor\Protractor\node_modules\selenium-webdriver\lib\promise.js:2599:53)
                From asynchronous test: 
                Error
                    at Suite.&lt;anonymous> (C:\Users\sandeep\Desktop\Protractor\Protractor\specs\calculation_spec.js:16:5)
                    at addSpecsToSuite (C:\Users\sandeep\Desktop\Protractor\Protractor\node_modules\jasmine-core\lib\jasmine-core\jasmine.js:1107:25)
                    at Env.describe (C:\Users\sandeep\Desktop\Protractor\Protractor\node_modules\jasmine-core\lib\jasmine-core\jasmine.js:1074:7)
                    at describe (C:\Users\sandeep\Desktop\Protractor\Protractor\node_modules\jasmine-core\lib\jasmine-core\jasmine.js:4399:18)
                    at Object.&lt;anonymous> (C:\Users\sandeep\Desktop\Protractor\Protractor\specs\calculation_spec.js:3:1)
                    at Module._compile (module.js:649:30)
                    at Object.Module._extensions..js (module.js:660:10)
                    at Module.load (module.js:561:32)
                    at tryModuleLoad (module.js:501:12)</stack-trace>
            </failure>
        </test-case>
    </test-cases>
</ns2:test-suite>