<?xml version='1.0'?>
<ns2:test-suite xmlns:ns2='urn:model.allure.qatools.yandex.ru' start='1521306377018' stop='1521306462137'>
    <name>To test the Angular binding functionality</name>
    <title>To test the Angular binding functionality</title>
    <test-cases>
        <test-case start='1521306377018' status='failed' stop='1521306461993'>
            <name>should not have any previous results</name>
            <title>should not have any previous results</title>
            <labels/>
            <parameters/>
            <steps/>
            <attachments/>
            <failure>
                <message>Error: Timeout - Async callback was not invoked within timeout specified by jasmine.DEFAULT_TIMEOUT_INTERVAL.</message>
                <stack-trace>Error: Timeout - Async callback was not invoked within timeout specified by jasmine.DEFAULT_TIMEOUT_INTERVAL.
                    at Timeout._onTimeout (C:\Users\sandeep\Desktop\Protractor\Protractor\node_modules\jasmine-core\lib\jasmine-core\jasmine.js:4281:23)
                    at ontimeout (timers.js:466:11)
                    at tryOnTimeout (timers.js:304:5)
                    at Timer.listOnTimeout (timers.js:267:5)</stack-trace>
            </failure>
        </test-case>
        <test-case start='1521306461993' status='failed' stop='1521306462073'>
            <name>Should display calculation results for performed Arthematic operations and should save results in table</name>
            <title>Should display calculation results for performed Arthematic operations and should save results in table</title>
            <labels/>
            <parameters/>
            <steps/>
            <attachments/>
            <failure>
                <message>Failed: no such window: target window already closed
                from unknown error: web view not found
                  (Session info: chrome=64.0.3282.186)
                  (Driver info: chromedriver=2.37.543627 (63642262d9fb93fb4ab52398be4286d844092a5e),platform=Windows NT 10.0.16299 x86_64)</message>
                <stack-trace>NoSuchWindowError: no such window: target window already closed
                from unknown error: web view not found
                  (Session info: chrome=64.0.3282.186)
                  (Driver info: chromedriver=2.37.543627 (63642262d9fb93fb4ab52398be4286d844092a5e),platform=Windows NT 10.0.16299 x86_64)
                    at Object.checkLegacyResponse (C:\Users\sandeep\Desktop\Protractor\Protractor\node_modules\selenium-webdriver\lib\error.js:546:15)
                    at parseHttpResponse (C:\Users\sandeep\Desktop\Protractor\Protractor\node_modules\selenium-webdriver\lib\http.js:509:13)
                    at doSend.then.response (C:\Users\sandeep\Desktop\Protractor\Protractor\node_modules\selenium-webdriver\lib\http.js:441:30)
                    at &lt;anonymous>
                    at process._tickCallback (internal/process/next_tick.js:118:7)
                From: Task: WebDriver.navigate().to(http://www.way2automation.com/angularjs-protractor/calc/)
                    at Driver.schedule (C:\Users\sandeep\Desktop\Protractor\Protractor\node_modules\selenium-webdriver\lib\webdriver.js:807:17)
                    at Navigation.to (C:\Users\sandeep\Desktop\Protractor\Protractor\node_modules\selenium-webdriver\lib\webdriver.js:1133:25)
                    at Driver.get (C:\Users\sandeep\Desktop\Protractor\Protractor\node_modules\selenium-webdriver\lib\webdriver.js:988:28)
                    at ProtractorBrowser.get (C:\Users\sandeep\Desktop\Protractor\Protractor\node_modules\protractor\built\browser.js:655:32)
                    at UserContext.&lt;anonymous> (C:\Users\sandeep\Desktop\Protractor\Protractor\specs\calculation_spec.js:7:11)
                    at C:\Users\sandeep\Desktop\Protractor\Protractor\node_modules\jasminewd2\index.js:112:25
                    at new ManagedPromise (C:\Users\sandeep\Desktop\Protractor\Protractor\node_modules\selenium-webdriver\lib\promise.js:1077:7)
                    at ControlFlow.promise (C:\Users\sandeep\Desktop\Protractor\Protractor\node_modules\selenium-webdriver\lib\promise.js:2505:12)
                    at schedulerExecute (C:\Users\sandeep\Desktop\Protractor\Protractor\node_modules\jasminewd2\index.js:95:18)
                    at TaskQueue.execute_ (C:\Users\sandeep\Desktop\Protractor\Protractor\node_modules\selenium-webdriver\lib\promise.js:3084:14)
                From: Task: Run beforeEach in control flow
                    at UserContext.&lt;anonymous> (C:\Users\sandeep\Desktop\Protractor\Protractor\node_modules\jasminewd2\index.js:94:19)
                    at attempt (C:\Users\sandeep\Desktop\Protractor\Protractor\node_modules\jasmine-core\lib\jasmine-core\jasmine.js:4297:26)
                    at QueueRunner.run (C:\Users\sandeep\Desktop\Protractor\Protractor\node_modules\jasmine-core\lib\jasmine-core\jasmine.js:4217:20)
                    at QueueRunner.execute (C:\Users\sandeep\Desktop\Protractor\Protractor\node_modules\jasmine-core\lib\jasmine-core\jasmine.js:4199:10)
                    at Spec.queueRunnerFactory (C:\Users\sandeep\Desktop\Protractor\Protractor\node_modules\jasmine-core\lib\jasmine-core\jasmine.js:909:35)
                    at Spec.execute (C:\Users\sandeep\Desktop\Protractor\Protractor\node_modules\jasmine-core\lib\jasmine-core\jasmine.js:526:10)
                    at UserContext.fn (C:\Users\sandeep\Desktop\Protractor\Protractor\node_modules\jasmine-core\lib\jasmine-core\jasmine.js:5340:37)
                    at attempt (C:\Users\sandeep\Desktop\Protractor\Protractor\node_modules\jasmine-core\lib\jasmine-core\jasmine.js:4297:26)
                    at QueueRunner.run (C:\Users\sandeep\Desktop\Protractor\Protractor\node_modules\jasmine-core\lib\jasmine-core\jasmine.js:4217:20)
                    at runNext (C:\Users\sandeep\Desktop\Protractor\Protractor\node_modules\jasmine-core\lib\jasmine-core\jasmine.js:4257:20)
                From asynchronous test: 
                Error
                    at Suite.&lt;anonymous> (C:\Users\sandeep\Desktop\Protractor\Protractor\specs\calculation_spec.js:5:2)
                    at addSpecsToSuite (C:\Users\sandeep\Desktop\Protractor\Protractor\node_modules\jasmine-core\lib\jasmine-core\jasmine.js:1107:25)
                    at Env.describe (C:\Users\sandeep\Desktop\Protractor\Protractor\node_modules\jasmine-core\lib\jasmine-core\jasmine.js:1074:7)
                    at describe (C:\Users\sandeep\Desktop\Protractor\Protractor\node_modules\jasmine-core\lib\jasmine-core\jasmine.js:4399:18)
                    at Object.&lt;anonymous> (C:\Users\sandeep\Desktop\Protractor\Protractor\specs\calculation_spec.js:3:1)
                    at Module._compile (module.js:649:30)
                    at Object.Module._extensions..js (module.js:660:10)
                    at Module.load (module.js:561:32)
                    at tryModuleLoad (module.js:501:12)</stack-trace>
            </failure>
        </test-case>
        <test-case start='1521306462073' status='failed' stop='1521306462113'>
            <name>Should display calculation results for performed Arthematic operations and should save new results in table</name>
            <title>Should display calculation results for performed Arthematic operations and should save new results in table</title>
            <labels/>
            <parameters/>
            <steps/>
            <attachments/>
            <failure>
                <message>Failed: no such window: target window already closed
                from unknown error: web view not found
                  (Session info: chrome=64.0.3282.186)
                  (Driver info: chromedriver=2.37.543627 (63642262d9fb93fb4ab52398be4286d844092a5e),platform=Windows NT 10.0.16299 x86_64)</message>
                <stack-trace>NoSuchWindowError: no such window: target window already closed
                from unknown error: web view not found
                  (Session info: chrome=64.0.3282.186)
                  (Driver info: chromedriver=2.37.543627 (63642262d9fb93fb4ab52398be4286d844092a5e),platform=Windows NT 10.0.16299 x86_64)
                    at Object.checkLegacyResponse (C:\Users\sandeep\Desktop\Protractor\Protractor\node_modules\selenium-webdriver\lib\error.js:546:15)
                    at parseHttpResponse (C:\Users\sandeep\Desktop\Protractor\Protractor\node_modules\selenium-webdriver\lib\http.js:509:13)
                    at doSend.then.response (C:\Users\sandeep\Desktop\Protractor\Protractor\node_modules\selenium-webdriver\lib\http.js:441:30)
                    at &lt;anonymous>
                    at process._tickCallback (internal/process/next_tick.js:118:7)
                From: Task: WebDriver.navigate().to(http://www.way2automation.com/angularjs-protractor/calc/)
                    at Driver.schedule (C:\Users\sandeep\Desktop\Protractor\Protractor\node_modules\selenium-webdriver\lib\webdriver.js:807:17)
                    at Navigation.to (C:\Users\sandeep\Desktop\Protractor\Protractor\node_modules\selenium-webdriver\lib\webdriver.js:1133:25)
                    at Driver.get (C:\Users\sandeep\Desktop\Protractor\Protractor\node_modules\selenium-webdriver\lib\webdriver.js:988:28)
                    at ProtractorBrowser.get (C:\Users\sandeep\Desktop\Protractor\Protractor\node_modules\protractor\built\browser.js:655:32)
                    at UserContext.&lt;anonymous> (C:\Users\sandeep\Desktop\Protractor\Protractor\specs\calculation_spec.js:7:11)
                    at C:\Users\sandeep\Desktop\Protractor\Protractor\node_modules\jasminewd2\index.js:112:25
                    at new ManagedPromise (C:\Users\sandeep\Desktop\Protractor\Protractor\node_modules\selenium-webdriver\lib\promise.js:1077:7)
                    at ControlFlow.promise (C:\Users\sandeep\Desktop\Protractor\Protractor\node_modules\selenium-webdriver\lib\promise.js:2505:12)
                    at schedulerExecute (C:\Users\sandeep\Desktop\Protractor\Protractor\node_modules\jasminewd2\index.js:95:18)
                    at TaskQueue.execute_ (C:\Users\sandeep\Desktop\Protractor\Protractor\node_modules\selenium-webdriver\lib\promise.js:3084:14)
                From: Task: Run beforeEach in control flow
                    at UserContext.&lt;anonymous> (C:\Users\sandeep\Desktop\Protractor\Protractor\node_modules\jasminewd2\index.js:94:19)
                    at attempt (C:\Users\sandeep\Desktop\Protractor\Protractor\node_modules\jasmine-core\lib\jasmine-core\jasmine.js:4297:26)
                    at QueueRunner.run (C:\Users\sandeep\Desktop\Protractor\Protractor\node_modules\jasmine-core\lib\jasmine-core\jasmine.js:4217:20)
                    at QueueRunner.execute (C:\Users\sandeep\Desktop\Protractor\Protractor\node_modules\jasmine-core\lib\jasmine-core\jasmine.js:4199:10)
                    at Spec.queueRunnerFactory (C:\Users\sandeep\Desktop\Protractor\Protractor\node_modules\jasmine-core\lib\jasmine-core\jasmine.js:909:35)
                    at Spec.execute (C:\Users\sandeep\Desktop\Protractor\Protractor\node_modules\jasmine-core\lib\jasmine-core\jasmine.js:526:10)
                    at UserContext.fn (C:\Users\sandeep\Desktop\Protractor\Protractor\node_modules\jasmine-core\lib\jasmine-core\jasmine.js:5340:37)
                    at attempt (C:\Users\sandeep\Desktop\Protractor\Protractor\node_modules\jasmine-core\lib\jasmine-core\jasmine.js:4297:26)
                    at QueueRunner.run (C:\Users\sandeep\Desktop\Protractor\Protractor\node_modules\jasmine-core\lib\jasmine-core\jasmine.js:4217:20)
                    at runNext (C:\Users\sandeep\Desktop\Protractor\Protractor\node_modules\jasmine-core\lib\jasmine-core\jasmine.js:4257:20)
                From asynchronous test: 
                Error
                    at Suite.&lt;anonymous> (C:\Users\sandeep\Desktop\Protractor\Protractor\specs\calculation_spec.js:5:2)
                    at addSpecsToSuite (C:\Users\sandeep\Desktop\Protractor\Protractor\node_modules\jasmine-core\lib\jasmine-core\jasmine.js:1107:25)
                    at Env.describe (C:\Users\sandeep\Desktop\Protractor\Protractor\node_modules\jasmine-core\lib\jasmine-core\jasmine.js:1074:7)
                    at describe (C:\Users\sandeep\Desktop\Protractor\Protractor\node_modules\jasmine-core\lib\jasmine-core\jasmine.js:4399:18)
                    at Object.&lt;anonymous> (C:\Users\sandeep\Desktop\Protractor\Protractor\specs\calculation_spec.js:3:1)
                    at Module._compile (module.js:649:30)
                    at Object.Module._extensions..js (module.js:660:10)
                    at Module.load (module.js:561:32)
                    at tryModuleLoad (module.js:501:12)</stack-trace>
            </failure>
        </test-case>
        <test-case start='1521306462113' status='failed' stop='1521306462137'>
            <name>Should display calculation results for performed Arthematic operations and should save new results in table</name>
            <title>Should display calculation results for performed Arthematic operations and should save new results in table</title>
            <labels/>
            <parameters/>
            <steps/>
            <attachments/>
            <failure>
                <message>Failed: no such window: target window already closed
                from unknown error: web view not found
                  (Session info: chrome=64.0.3282.186)
                  (Driver info: chromedriver=2.37.543627 (63642262d9fb93fb4ab52398be4286d844092a5e),platform=Windows NT 10.0.16299 x86_64)</message>
                <stack-trace>NoSuchWindowError: no such window: target window already closed
                from unknown error: web view not found
                  (Session info: chrome=64.0.3282.186)
                  (Driver info: chromedriver=2.37.543627 (63642262d9fb93fb4ab52398be4286d844092a5e),platform=Windows NT 10.0.16299 x86_64)
                    at Object.checkLegacyResponse (C:\Users\sandeep\Desktop\Protractor\Protractor\node_modules\selenium-webdriver\lib\error.js:546:15)
                    at parseHttpResponse (C:\Users\sandeep\Desktop\Protractor\Protractor\node_modules\selenium-webdriver\lib\http.js:509:13)
                    at doSend.then.response (C:\Users\sandeep\Desktop\Protractor\Protractor\node_modules\selenium-webdriver\lib\http.js:441:30)
                    at &lt;anonymous>
                    at process._tickCallback (internal/process/next_tick.js:118:7)
                From: Task: WebDriver.navigate().to(http://www.way2automation.com/angularjs-protractor/calc/)
                    at Driver.schedule (C:\Users\sandeep\Desktop\Protractor\Protractor\node_modules\selenium-webdriver\lib\webdriver.js:807:17)
                    at Navigation.to (C:\Users\sandeep\Desktop\Protractor\Protractor\node_modules\selenium-webdriver\lib\webdriver.js:1133:25)
                    at Driver.get (C:\Users\sandeep\Desktop\Protractor\Protractor\node_modules\selenium-webdriver\lib\webdriver.js:988:28)
                    at ProtractorBrowser.get (C:\Users\sandeep\Desktop\Protractor\Protractor\node_modules\protractor\built\browser.js:655:32)
                    at UserContext.&lt;anonymous> (C:\Users\sandeep\Desktop\Protractor\Protractor\specs\calculation_spec.js:7:11)
                    at C:\Users\sandeep\Desktop\Protractor\Protractor\node_modules\jasminewd2\index.js:112:25
                    at new ManagedPromise (C:\Users\sandeep\Desktop\Protractor\Protractor\node_modules\selenium-webdriver\lib\promise.js:1077:7)
                    at ControlFlow.promise (C:\Users\sandeep\Desktop\Protractor\Protractor\node_modules\selenium-webdriver\lib\promise.js:2505:12)
                    at schedulerExecute (C:\Users\sandeep\Desktop\Protractor\Protractor\node_modules\jasminewd2\index.js:95:18)
                    at TaskQueue.execute_ (C:\Users\sandeep\Desktop\Protractor\Protractor\node_modules\selenium-webdriver\lib\promise.js:3084:14)
                From: Task: Run beforeEach in control flow
                    at UserContext.&lt;anonymous> (C:\Users\sandeep\Desktop\Protractor\Protractor\node_modules\jasminewd2\index.js:94:19)
                    at attempt (C:\Users\sandeep\Desktop\Protractor\Protractor\node_modules\jasmine-core\lib\jasmine-core\jasmine.js:4297:26)
                    at QueueRunner.run (C:\Users\sandeep\Desktop\Protractor\Protractor\node_modules\jasmine-core\lib\jasmine-core\jasmine.js:4217:20)
                    at QueueRunner.execute (C:\Users\sandeep\Desktop\Protractor\Protractor\node_modules\jasmine-core\lib\jasmine-core\jasmine.js:4199:10)
                    at Spec.queueRunnerFactory (C:\Users\sandeep\Desktop\Protractor\Protractor\node_modules\jasmine-core\lib\jasmine-core\jasmine.js:909:35)
                    at Spec.execute (C:\Users\sandeep\Desktop\Protractor\Protractor\node_modules\jasmine-core\lib\jasmine-core\jasmine.js:526:10)
                    at UserContext.fn (C:\Users\sandeep\Desktop\Protractor\Protractor\node_modules\jasmine-core\lib\jasmine-core\jasmine.js:5340:37)
                    at attempt (C:\Users\sandeep\Desktop\Protractor\Protractor\node_modules\jasmine-core\lib\jasmine-core\jasmine.js:4297:26)
                    at QueueRunner.run (C:\Users\sandeep\Desktop\Protractor\Protractor\node_modules\jasmine-core\lib\jasmine-core\jasmine.js:4217:20)
                    at runNext (C:\Users\sandeep\Desktop\Protractor\Protractor\node_modules\jasmine-core\lib\jasmine-core\jasmine.js:4257:20)
                From asynchronous test: 
                Error
                    at Suite.&lt;anonymous> (C:\Users\sandeep\Desktop\Protractor\Protractor\specs\calculation_spec.js:5:2)
                    at addSpecsToSuite (C:\Users\sandeep\Desktop\Protractor\Protractor\node_modules\jasmine-core\lib\jasmine-core\jasmine.js:1107:25)
                    at Env.describe (C:\Users\sandeep\Desktop\Protractor\Protractor\node_modules\jasmine-core\lib\jasmine-core\jasmine.js:1074:7)
                    at describe (C:\Users\sandeep\Desktop\Protractor\Protractor\node_modules\jasmine-core\lib\jasmine-core\jasmine.js:4399:18)
                    at Object.&lt;anonymous> (C:\Users\sandeep\Desktop\Protractor\Protractor\specs\calculation_spec.js:3:1)
                    at Module._compile (module.js:649:30)
                    at Object.Module._extensions..js (module.js:660:10)
                    at Module.load (module.js:561:32)
                    at tryModuleLoad (module.js:501:12)</stack-trace>
            </failure>
        </test-case>
    </test-cases>
</ns2:test-suite>